
==============================================

!Sat Mar 21 15:20:35 EDT 2020

Processing file MacTraining1/MQTest.msgflow.
Successfully added file MacTraining1/MQTest.msgflow to BAR file.

==============================================

!Sat Mar 21 15:20:35 EDT 2020

Processing file MacTraining1/application.descriptor.
Successfully added file MacTraining1/application.descriptor to BAR file.
Elapsed time: 0.002 second(s).

Successfully added file MacTraining1/application.descriptor to BAR file.

==============================================

!Sat Mar 21 15:20:35 EDT 2020

Processing file MacTraining1/application.descriptor.
Successfully added file MacTraining1/application.descriptor to BAR file.
Elapsed time: 0 second(s).

Successfully added file MacTraining1/application.descriptor to BAR file.


==============================================

!Sat Mar 21 15:20:43 EDT 2020

Processing file MacTraining1/MQTest.msgflow.
Successfully added file MacTraining1/MQTest.msgflow to BAR file.

==============================================

!Sat Mar 21 15:20:43 EDT 2020

Processing file MacTraining1/application.descriptor.
Successfully added file MacTraining1/application.descriptor to BAR file.
Elapsed time: 0.001 second(s).

Successfully added file MacTraining1/application.descriptor to BAR file.

==============================================

!Sat Mar 21 15:20:43 EDT 2020

Processing file MacTraining1/application.descriptor.
Successfully added file MacTraining1/application.descriptor to BAR file.
Elapsed time: 0 second(s).

Successfully added file MacTraining1/application.descriptor to BAR file.


==============================================

!Sat Mar 21 16:07:25 EDT 2020

Processing file MacTraining1/MQTest.msgflow.
Successfully added file MacTraining1/MQTest.msgflow to BAR file.

==============================================

!Sat Mar 21 16:07:25 EDT 2020

Processing file MacTraining1/application.descriptor.
Successfully added file MacTraining1/application.descriptor to BAR file.
Elapsed time: 0 second(s).

Successfully added file MacTraining1/application.descriptor to BAR file.

==============================================

!Sat Mar 21 16:07:25 EDT 2020

Processing file MacTraining1/application.descriptor.
Successfully added file MacTraining1/application.descriptor to BAR file.
Elapsed time: 0 second(s).

Successfully added file MacTraining1/application.descriptor to BAR file.


==============================================

!Sat Mar 21 16:36:08 EDT 2020

Processing file MacTraining1/MQTest.msgflow.
Successfully added file MacTraining1/MQTest.msgflow to BAR file.

==============================================

!Sat Mar 21 16:36:08 EDT 2020

Processing file MacTraining1/application.descriptor.
Successfully added file MacTraining1/application.descriptor to BAR file.
Elapsed time: 0 second(s).

Successfully added file MacTraining1/application.descriptor to BAR file.

==============================================

!Sat Mar 21 16:36:08 EDT 2020

Processing file MacTraining1/application.descriptor.
Successfully added file MacTraining1/application.descriptor to BAR file.
Elapsed time: 0.001 second(s).

Successfully added file MacTraining1/application.descriptor to BAR file.


==============================================

!Sat Mar 21 19:09:53 EDT 2020

Processing file MacTraining1/MQTest.msgflow.
Successfully added file MacTraining1/MQTest.msgflow to BAR file.

==============================================

!Sat Mar 21 19:09:53 EDT 2020

Processing file MacTraining1/application.descriptor.
Successfully added file MacTraining1/application.descriptor to BAR file.
Elapsed time: 0.001 second(s).

Successfully added file MacTraining1/application.descriptor to BAR file.

==============================================

!Sat Mar 21 19:09:53 EDT 2020

Processing file MacTraining1/application.descriptor.
Successfully added file MacTraining1/application.descriptor to BAR file.
Elapsed time: 0.001 second(s).

Successfully added file MacTraining1/application.descriptor to BAR file.
